<?xml version="1.0" encoding="UTF-8"?>
<testng-results ignored="0" total="0" passed="0" failed="0" skipped="0">
  <reporter-output>
  </reporter-output>
  <suite started-at="2024-11-06T17:13:29 EST" name="Default suite" finished-at="2024-11-06T17:13:30 EST" duration-ms="387">
    <groups>
      <group name="cucumber">
        <method signature="AbstractTestNGCucumberTests.runScenario(io.cucumber.testng.PickleWrapper,io.cucumber.testng.FeatureWrapper)[pri:0, instance:dsalgo_TestRunner.Runner@5ccbeb64]" name="runScenario" class="io.cucumber.testng.AbstractTestNGCucumberTests"/>
      </group> <!-- cucumber -->
    </groups>
    <test started-at="2024-11-06T17:13:29 EST" name="Default test" finished-at="2024-11-06T17:13:30 EST" duration-ms="387">
      <class name="dsalgo_TestRunner.Runner">
        <test-method is-config="true" signature="setUpClass(org.testng.ITestContext)[pri:0, instance:dsalgo_TestRunner.Runner@5ccbeb64]" started-at="2024-11-06T17:13:29 EST" name="setUpClass" finished-at="2024-11-06T17:13:30 EST" duration-ms="280" status="PASS">
          <params>
            <param index="0">
              <value>
                <![CDATA[org.testng.TestRunner@3d4d3fe7]]>
              </value>
            </param>
          </params>
          <reporter-output>
          </reporter-output>
        </test-method> <!-- setUpClass -->
        <test-method is-config="true" signature="tearDownClass()[pri:0, instance:dsalgo_TestRunner.Runner@5ccbeb64]" started-at="2024-11-06T17:13:30 EST" name="tearDownClass" finished-at="2024-11-06T17:13:30 EST" duration-ms="9" status="PASS">
          <reporter-output>
          </reporter-output>
        </test-method> <!-- tearDownClass -->
      </class> <!-- dsalgo_TestRunner.Runner -->
    </test> <!-- Default test -->
  </suite> <!-- Default suite -->
</testng-results>
